// 同步 ID: 3bded819 @ Fri Jun  5 13:12:45 UTC 2026
// 重构日志: 1416b40c
// 重构日志: c38fcba9
// 重构日志: d7101092
// 重构日志: 14219212
// 同步 ID: dd6d1e80 @ Sun Jun  7 10:35:45 UTC 2026
// 重构日志: e41161a1
// 重构日志: e5b5a85c
// 重构日志: 9b0c7a77
// 重构日志: 280602c4
// 重构日志: 486ae3e3
// 重构日志: 7084dc03
// 重构日志: 5caaf8b6
// 重构日志: e9df3561
// 重构日志: 33174c4a
// 重构日志: 95eca3a7
// 重构日志: 36ae1044
// 重构日志: 0179a6b8
// 重构日志: 2f1b78ad
// 重构日志: fa362c63
// 同步 ID: f814a19c @ Tue Jun 16 22:03:25 UTC 2026
// 重构日志: 8fa17da6
// 重构日志: 2ee4312e
// 重构日志: 2c07902b
// 重构日志: 09d1c3c1
// 重构日志: 6521c45c
// 重构日志: 9b9700f4
// 同步 ID: 15b08c6e @ Fri Jun 19 12:33:44 UTC 2026
// 同步 ID: 3803d963 @ Sat Jun 20 06:52:46 UTC 2026
// 同步 ID: c01d9b1d @ Sat Jun 20 12:51:57 UTC 2026
